0 info it worked if it ends with ok
1 verbose cli [ '/usr/bin/node', '/usr/bin/npm', 'update', '-g', 'ungit' ]
2 info using npm@1.3.8
3 info using node@v0.10.16
4 verbose node symlink /usr/bin/node
5 verbose cache add [ 'ungit', '*' ]
6 verbose cache add name="ungit" spec="*" args=["ungit","*"]
7 verbose parsed url { protocol: null,
7 verbose parsed url   slashes: null,
7 verbose parsed url   auth: null,
7 verbose parsed url   host: null,
7 verbose parsed url   port: null,
7 verbose parsed url   hostname: null,
7 verbose parsed url   hash: null,
7 verbose parsed url   search: null,
7 verbose parsed url   query: null,
7 verbose parsed url   pathname: '*',
7 verbose parsed url   path: '*',
7 verbose parsed url   href: '*' }
8 verbose addNamed [ 'ungit', '*' ]
9 verbose addNamed [ null, '*' ]
10 silly lockFile cfb0c8f1-ungit ungit@*
11 verbose lock ungit@* /home/mboom/.npm/cfb0c8f1-ungit.lock
12 silly addNameRange { name: 'ungit', range: '*', hasData: false }
13 verbose url raw ungit
14 verbose url resolving [ 'https://registry.npmjs.org/', './ungit' ]
15 verbose url resolved https://registry.npmjs.org/ungit
16 info trying registry request attempt 1 at 01:07:30
17 verbose etag "70PVJRPRETBZ9PPDMNCMQ2VIO"
18 http GET https://registry.npmjs.org/ungit
19 http 304 https://registry.npmjs.org/ungit
20 silly registry.get cb [ 304,
20 silly registry.get   { server: 'CouchDB/1.3.1 (Erlang OTP/R15B03)',
20 silly registry.get     etag: '"70PVJRPRETBZ9PPDMNCMQ2VIO"',
20 silly registry.get     date: 'Sat, 14 Sep 2013 05:07:30 GMT',
20 silly registry.get     'content-length': '0' } ]
21 verbose etag ungit from cache
22 silly addNameRange number 2 { name: 'ungit', range: '*', hasData: true }
23 silly addNameRange versions [ 'ungit',
23 silly addNameRange   [ '0.1.0',
23 silly addNameRange     '0.1.1',
23 silly addNameRange     '0.1.2',
23 silly addNameRange     '0.1.3',
23 silly addNameRange     '0.1.4',
23 silly addNameRange     '0.1.5',
23 silly addNameRange     '0.1.6',
23 silly addNameRange     '0.1.7',
23 silly addNameRange     '0.1.8',
23 silly addNameRange     '0.1.9',
23 silly addNameRange     '0.2.0' ] ]
24 verbose addNamed [ 'ungit', '0.2.0' ]
25 verbose addNamed [ '0.2.0', '0.2.0' ]
26 silly lockFile 40b82804-ungit-0-2-0 ungit@0.2.0
27 verbose lock ungit@0.2.0 /home/mboom/.npm/40b82804-ungit-0-2-0.lock
28 silly lockFile cb506ed3--npmjs-org-ungit-ungit-0-2-0-tgz https://registry.npmjs.org/ungit/-/ungit-0.2.0.tgz
29 verbose lock https://registry.npmjs.org/ungit/-/ungit-0.2.0.tgz /home/mboom/.npm/cb506ed3--npmjs-org-ungit-ungit-0-2-0-tgz.lock
30 verbose addRemoteTarball [ 'https://registry.npmjs.org/ungit/-/ungit-0.2.0.tgz',
30 verbose addRemoteTarball   'fa25b1bd4670a527823dd0912d6f2fa2f1dc6a06' ]
31 info retry fetch attempt 1 at 01:07:34
32 verbose fetch to= /home/mboom/tmp/npm-8206-Y0Iy-5t8/1379135253566-0.029849868034943938/tmp.tgz
33 http GET https://registry.npmjs.org/ungit/-/ungit-0.2.0.tgz
34 http 200 https://registry.npmjs.org/ungit/-/ungit-0.2.0.tgz
35 verbose tar unpack /home/mboom/tmp/npm-8206-Y0Iy-5t8/1379135253566-0.029849868034943938/tmp.tgz
36 silly lockFile f66f7033-566-0-029849868034943938-package tar:///home/mboom/tmp/npm-8206-Y0Iy-5t8/1379135253566-0.029849868034943938/package
37 verbose lock tar:///home/mboom/tmp/npm-8206-Y0Iy-5t8/1379135253566-0.029849868034943938/package /home/mboom/.npm/f66f7033-566-0-029849868034943938-package.lock
38 silly lockFile b22a3827-566-0-029849868034943938-tmp-tgz tar:///home/mboom/tmp/npm-8206-Y0Iy-5t8/1379135253566-0.029849868034943938/tmp.tgz
39 verbose lock tar:///home/mboom/tmp/npm-8206-Y0Iy-5t8/1379135253566-0.029849868034943938/tmp.tgz /home/mboom/.npm/b22a3827-566-0-029849868034943938-tmp-tgz.lock
40 silly gunzTarPerm modes [ '755', '644' ]
41 silly gunzTarPerm extractEntry package.json
42 silly gunzTarPerm modified mode [ 'package.json', 438, 420 ]
43 silly gunzTarPerm extractEntry .npmignore
44 silly gunzTarPerm modified mode [ '.npmignore', 438, 420 ]
45 silly gunzTarPerm extractEntry README.md
46 silly gunzTarPerm modified mode [ 'README.md', 438, 420 ]
47 silly gunzTarPerm extractEntry .nodemonignore
48 silly gunzTarPerm modified mode [ '.nodemonignore', 438, 420 ]
49 silly gunzTarPerm extractEntry .travis.yml
50 silly gunzTarPerm modified mode [ '.travis.yml', 438, 420 ]
51 silly gunzTarPerm extractEntry assets/client/images/branchIcon.png
52 silly gunzTarPerm modified mode [ 'assets/client/images/branchIcon.png', 438, 420 ]
53 silly gunzTarPerm extractEntry assets/client/images/logBoxHoverArrowRight.png
54 silly gunzTarPerm modified mode [ 'assets/client/images/logBoxHoverArrowRight.png', 438, 420 ]
55 silly gunzTarPerm extractEntry assets/client/images/logo.png
56 silly gunzTarPerm modified mode [ 'assets/client/images/logo.png', 438, 420 ]
57 silly gunzTarPerm extractEntry assets/client/images/logoLarge.png
58 silly gunzTarPerm modified mode [ 'assets/client/images/logoLarge.png', 438, 420 ]
59 silly gunzTarPerm extractEntry assets/client/images/panelArrowRight.png
60 silly gunzTarPerm modified mode [ 'assets/client/images/panelArrowRight.png', 438, 420 ]
61 silly gunzTarPerm extractEntry assets/client/images/remoteIcon.png
62 silly gunzTarPerm modified mode [ 'assets/client/images/remoteIcon.png', 438, 420 ]
63 silly gunzTarPerm extractEntry assets/client/images/repositoryBackgroundArrowUp.png
64 silly gunzTarPerm modified mode [ 'assets/client/images/repositoryBackgroundArrowUp.png',
64 silly gunzTarPerm   438,
64 silly gunzTarPerm   420 ]
65 silly gunzTarPerm extractEntry assets/client/images/shadowArrowRight.png
66 silly gunzTarPerm modified mode [ 'assets/client/images/shadowArrowRight.png', 438, 420 ]
67 silly gunzTarPerm extractEntry assets/client/images/stagingArrowDown.png
68 silly gunzTarPerm modified mode [ 'assets/client/images/stagingArrowDown.png', 438, 420 ]
69 silly gunzTarPerm extractEntry assets/client/images/tagIcon.png
70 silly gunzTarPerm modified mode [ 'assets/client/images/tagIcon.png', 438, 420 ]
71 silly gunzTarPerm extractEntry assets/dev/branchIcon.svg
72 silly gunzTarPerm modified mode [ 'assets/dev/branchIcon.svg', 438, 420 ]
73 silly gunzTarPerm extractEntry assets/dev/icon.svg
74 silly gunzTarPerm modified mode [ 'assets/dev/icon.svg', 438, 420 ]
75 silly gunzTarPerm extractEntry assets/dev/logo.svg
76 silly gunzTarPerm modified mode [ 'assets/dev/logo.svg', 438, 420 ]
77 silly gunzTarPerm extractEntry assets/dev/logo2.svg
78 silly gunzTarPerm modified mode [ 'assets/dev/logo2.svg', 438, 420 ]
79 silly gunzTarPerm extractEntry assets/dev/logo3.svg
80 silly gunzTarPerm modified mode [ 'assets/dev/logo3.svg', 438, 420 ]
81 silly gunzTarPerm extractEntry assets/dev/logo4.svg
82 silly gunzTarPerm modified mode [ 'assets/dev/logo4.svg', 438, 420 ]
83 silly gunzTarPerm extractEntry assets/dev/remoteIcon.svg
84 silly gunzTarPerm modified mode [ 'assets/dev/remoteIcon.svg', 438, 420 ]
85 silly gunzTarPerm extractEntry assets/dev/tagIcon.svg
86 silly gunzTarPerm modified mode [ 'assets/dev/tagIcon.svg', 438, 420 ]
87 silly gunzTarPerm extractEntry assets/dev/throbber.svg
88 silly gunzTarPerm modified mode [ 'assets/dev/throbber.svg', 438, 420 ]
89 silly gunzTarPerm extractEntry bin/credentials-helper
90 silly gunzTarPerm modified mode [ 'bin/credentials-helper', 438, 420 ]
91 silly gunzTarPerm extractEntry bin/ungit
92 silly gunzTarPerm modified mode [ 'bin/ungit', 438, 420 ]
93 silly gunzTarPerm extractEntry public/css/styles.css
94 silly gunzTarPerm modified mode [ 'public/css/styles.css', 438, 420 ]
95 silly gunzTarPerm extractEntry public/favicon.ico
96 silly gunzTarPerm modified mode [ 'public/favicon.ico', 438, 420 ]
97 silly gunzTarPerm extractEntry public/fonts/glyphiconshalflings-regular.eot
98 silly gunzTarPerm modified mode [ 'public/fonts/glyphiconshalflings-regular.eot', 438, 420 ]
99 silly gunzTarPerm extractEntry public/fonts/glyphiconshalflings-regular.otf
100 silly gunzTarPerm modified mode [ 'public/fonts/glyphiconshalflings-regular.otf', 438, 420 ]
101 silly gunzTarPerm extractEntry public/fonts/glyphiconshalflings-regular.svg
102 silly gunzTarPerm modified mode [ 'public/fonts/glyphiconshalflings-regular.svg', 438, 420 ]
103 silly gunzTarPerm extractEntry public/fonts/glyphiconshalflings-regular.ttf
104 silly gunzTarPerm modified mode [ 'public/fonts/glyphiconshalflings-regular.ttf', 438, 420 ]
105 silly gunzTarPerm extractEntry public/fonts/glyphiconshalflings-regular.woff
106 silly gunzTarPerm modified mode [ 'public/fonts/glyphiconshalflings-regular.woff', 438, 420 ]
107 silly gunzTarPerm extractEntry public/fonts/OpenSans.woff
108 silly gunzTarPerm modified mode [ 'public/fonts/OpenSans.woff', 438, 420 ]
109 silly gunzTarPerm extractEntry public/fonts/SourceCodePro-Medium.woff
110 silly gunzTarPerm modified mode [ 'public/fonts/SourceCodePro-Medium.woff', 438, 420 ]
111 silly gunzTarPerm extractEntry public/images/branchIcon.png
112 silly gunzTarPerm modified mode [ 'public/images/branchIcon.png', 438, 420 ]
113 silly gunzTarPerm extractEntry public/images/logBoxHoverArrowRight.png
114 silly gunzTarPerm modified mode [ 'public/images/logBoxHoverArrowRight.png', 438, 420 ]
115 silly gunzTarPerm extractEntry public/images/logo.png
116 silly gunzTarPerm modified mode [ 'public/images/logo.png', 438, 420 ]
117 silly gunzTarPerm extractEntry public/images/logoLarge.png
118 silly gunzTarPerm modified mode [ 'public/images/logoLarge.png', 438, 420 ]
119 silly gunzTarPerm extractEntry public/images/panelArrowRight.png
120 silly gunzTarPerm modified mode [ 'public/images/panelArrowRight.png', 438, 420 ]
121 silly gunzTarPerm extractEntry public/images/remoteIcon.png
122 silly gunzTarPerm modified mode [ 'public/images/remoteIcon.png', 438, 420 ]
123 silly gunzTarPerm extractEntry public/images/repositoryBackgroundArrowUp.png
124 silly gunzTarPerm modified mode [ 'public/images/repositoryBackgroundArrowUp.png', 438, 420 ]
125 silly gunzTarPerm extractEntry public/images/shadowArrowRight.png
126 silly gunzTarPerm modified mode [ 'public/images/shadowArrowRight.png', 438, 420 ]
127 silly gunzTarPerm extractEntry public/images/stagingArrowDown.png
128 silly gunzTarPerm modified mode [ 'public/images/stagingArrowDown.png', 438, 420 ]
129 silly gunzTarPerm extractEntry public/images/tagIcon.png
130 silly gunzTarPerm modified mode [ 'public/images/tagIcon.png', 438, 420 ]
131 silly gunzTarPerm extractEntry public/index.html
132 silly gunzTarPerm modified mode [ 'public/index.html', 438, 420 ]
133 silly gunzTarPerm extractEntry public/js/bugsense.js
134 silly gunzTarPerm modified mode [ 'public/js/bugsense.js', 438, 420 ]
135 silly gunzTarPerm extractEntry public/js/ungit.js
136 silly gunzTarPerm modified mode [ 'public/js/ungit.js', 438, 420 ]
137 silly gunzTarPerm extractEntry screenshot.png
138 silly gunzTarPerm modified mode [ 'screenshot.png', 438, 420 ]
139 silly gunzTarPerm extractEntry source/address-parser.js
140 silly gunzTarPerm modified mode [ 'source/address-parser.js', 438, 420 ]
141 silly gunzTarPerm extractEntry source/bugsense.js
142 silly gunzTarPerm modified mode [ 'source/bugsense.js', 438, 420 ]
143 silly gunzTarPerm extractEntry source/config.js
144 silly gunzTarPerm modified mode [ 'source/config.js', 438, 420 ]
145 silly gunzTarPerm extractEntry source/gerrit.js
146 silly gunzTarPerm modified mode [ 'source/gerrit.js', 438, 420 ]
147 silly gunzTarPerm extractEntry source/git-api.js
148 silly gunzTarPerm modified mode [ 'source/git-api.js', 438, 420 ]
149 silly gunzTarPerm extractEntry source/git-parser.js
150 silly gunzTarPerm modified mode [ 'source/git-parser.js', 438, 420 ]
151 silly gunzTarPerm extractEntry source/git.js
152 silly gunzTarPerm modified mode [ 'source/git.js', 438, 420 ]
153 silly gunzTarPerm extractEntry source/server.js
154 silly gunzTarPerm modified mode [ 'source/server.js', 438, 420 ]
155 silly gunzTarPerm extractEntry source/version.js
156 silly gunzTarPerm modified mode [ 'source/version.js', 438, 420 ]
157 silly lockFile f66f7033-566-0-029849868034943938-package tar:///home/mboom/tmp/npm-8206-Y0Iy-5t8/1379135253566-0.029849868034943938/package
158 silly lockFile f66f7033-566-0-029849868034943938-package tar:///home/mboom/tmp/npm-8206-Y0Iy-5t8/1379135253566-0.029849868034943938/package
159 silly lockFile b22a3827-566-0-029849868034943938-tmp-tgz tar:///home/mboom/tmp/npm-8206-Y0Iy-5t8/1379135253566-0.029849868034943938/tmp.tgz
160 silly lockFile b22a3827-566-0-029849868034943938-tmp-tgz tar:///home/mboom/tmp/npm-8206-Y0Iy-5t8/1379135253566-0.029849868034943938/tmp.tgz
161 verbose tar pack [ '/home/mboom/.npm/ungit/0.2.0/package.tgz',
161 verbose tar pack   '/home/mboom/tmp/npm-8206-Y0Iy-5t8/1379135253566-0.029849868034943938/package' ]
162 verbose tarball /home/mboom/.npm/ungit/0.2.0/package.tgz
163 verbose folder /home/mboom/tmp/npm-8206-Y0Iy-5t8/1379135253566-0.029849868034943938/package
164 silly lockFile f66f7033-566-0-029849868034943938-package tar:///home/mboom/tmp/npm-8206-Y0Iy-5t8/1379135253566-0.029849868034943938/package
165 verbose lock tar:///home/mboom/tmp/npm-8206-Y0Iy-5t8/1379135253566-0.029849868034943938/package /home/mboom/.npm/f66f7033-566-0-029849868034943938-package.lock
166 silly lockFile 54147ca8-boom-npm-ungit-0-2-0-package-tgz tar:///home/mboom/.npm/ungit/0.2.0/package.tgz
167 verbose lock tar:///home/mboom/.npm/ungit/0.2.0/package.tgz /home/mboom/.npm/54147ca8-boom-npm-ungit-0-2-0-package-tgz.lock
168 silly lockFile f66f7033-566-0-029849868034943938-package tar:///home/mboom/tmp/npm-8206-Y0Iy-5t8/1379135253566-0.029849868034943938/package
169 silly lockFile f66f7033-566-0-029849868034943938-package tar:///home/mboom/tmp/npm-8206-Y0Iy-5t8/1379135253566-0.029849868034943938/package
170 silly lockFile 54147ca8-boom-npm-ungit-0-2-0-package-tgz tar:///home/mboom/.npm/ungit/0.2.0/package.tgz
171 silly lockFile 54147ca8-boom-npm-ungit-0-2-0-package-tgz tar:///home/mboom/.npm/ungit/0.2.0/package.tgz
172 silly lockFile 341873db-me-mboom-npm-ungit-0-2-0-package /home/mboom/.npm/ungit/0.2.0/package
173 verbose lock /home/mboom/.npm/ungit/0.2.0/package /home/mboom/.npm/341873db-me-mboom-npm-ungit-0-2-0-package.lock
174 silly lockFile 341873db-me-mboom-npm-ungit-0-2-0-package /home/mboom/.npm/ungit/0.2.0/package
175 silly lockFile 341873db-me-mboom-npm-ungit-0-2-0-package /home/mboom/.npm/ungit/0.2.0/package
176 verbose tar unpack /home/mboom/.npm/ungit/0.2.0/package.tgz
177 silly lockFile bc0facc2-me-mboom-npm-ungit-0-2-0-package tar:///home/mboom/.npm/ungit/0.2.0/package
178 verbose lock tar:///home/mboom/.npm/ungit/0.2.0/package /home/mboom/.npm/bc0facc2-me-mboom-npm-ungit-0-2-0-package.lock
179 silly lockFile 54147ca8-boom-npm-ungit-0-2-0-package-tgz tar:///home/mboom/.npm/ungit/0.2.0/package.tgz
180 verbose lock tar:///home/mboom/.npm/ungit/0.2.0/package.tgz /home/mboom/.npm/54147ca8-boom-npm-ungit-0-2-0-package-tgz.lock
181 silly gunzTarPerm modes [ '755', '644' ]
182 silly gunzTarPerm extractEntry package.json
183 silly gunzTarPerm extractEntry .npmignore
184 silly gunzTarPerm extractEntry README.md
185 silly gunzTarPerm extractEntry .nodemonignore
186 silly gunzTarPerm extractEntry .travis.yml
187 silly gunzTarPerm extractEntry assets/client/images/branchIcon.png
188 silly gunzTarPerm extractEntry assets/client/images/logBoxHoverArrowRight.png
189 silly gunzTarPerm extractEntry assets/client/images/logo.png
190 silly gunzTarPerm extractEntry assets/client/images/logoLarge.png
191 silly gunzTarPerm extractEntry assets/client/images/panelArrowRight.png
192 silly gunzTarPerm extractEntry assets/client/images/remoteIcon.png
193 silly gunzTarPerm extractEntry assets/client/images/repositoryBackgroundArrowUp.png
194 silly gunzTarPerm extractEntry assets/client/images/shadowArrowRight.png
195 silly gunzTarPerm extractEntry assets/client/images/stagingArrowDown.png
196 silly gunzTarPerm extractEntry assets/client/images/tagIcon.png
197 silly gunzTarPerm extractEntry assets/dev/branchIcon.svg
198 silly gunzTarPerm extractEntry assets/dev/icon.svg
199 silly gunzTarPerm extractEntry assets/dev/logo.svg
200 silly gunzTarPerm extractEntry assets/dev/logo2.svg
201 silly gunzTarPerm extractEntry assets/dev/logo3.svg
202 silly gunzTarPerm extractEntry assets/dev/logo4.svg
203 silly gunzTarPerm extractEntry assets/dev/remoteIcon.svg
204 silly gunzTarPerm extractEntry assets/dev/tagIcon.svg
205 silly gunzTarPerm extractEntry assets/dev/throbber.svg
206 silly gunzTarPerm extractEntry bin/credentials-helper
207 silly gunzTarPerm extractEntry bin/ungit
208 silly gunzTarPerm extractEntry public/css/styles.css
209 silly gunzTarPerm extractEntry public/favicon.ico
210 silly gunzTarPerm extractEntry public/fonts/OpenSans.woff
211 silly gunzTarPerm extractEntry public/fonts/SourceCodePro-Medium.woff
212 silly gunzTarPerm extractEntry public/fonts/glyphiconshalflings-regular.eot
213 silly gunzTarPerm extractEntry public/fonts/glyphiconshalflings-regular.otf
214 silly gunzTarPerm extractEntry public/fonts/glyphiconshalflings-regular.svg
215 silly gunzTarPerm extractEntry public/fonts/glyphiconshalflings-regular.ttf
216 silly gunzTarPerm extractEntry public/fonts/glyphiconshalflings-regular.woff
217 silly gunzTarPerm extractEntry public/images/branchIcon.png
218 silly gunzTarPerm extractEntry public/images/logBoxHoverArrowRight.png
219 silly gunzTarPerm extractEntry public/images/logo.png
220 silly gunzTarPerm extractEntry public/images/logoLarge.png
221 silly gunzTarPerm extractEntry public/images/panelArrowRight.png
222 silly gunzTarPerm extractEntry public/images/remoteIcon.png
223 silly gunzTarPerm extractEntry public/images/repositoryBackgroundArrowUp.png
224 silly gunzTarPerm extractEntry public/images/shadowArrowRight.png
225 silly gunzTarPerm extractEntry public/images/stagingArrowDown.png
226 silly gunzTarPerm extractEntry public/images/tagIcon.png
227 silly gunzTarPerm extractEntry public/index.html
228 silly gunzTarPerm extractEntry public/js/bugsense.js
229 silly gunzTarPerm extractEntry public/js/ungit.js
230 silly gunzTarPerm extractEntry screenshot.png
231 silly gunzTarPerm extractEntry source/address-parser.js
232 silly gunzTarPerm extractEntry source/bugsense.js
233 silly gunzTarPerm extractEntry source/config.js
234 silly gunzTarPerm extractEntry source/gerrit.js
235 silly gunzTarPerm extractEntry source/git-api.js
236 silly gunzTarPerm extractEntry source/git-parser.js
237 silly gunzTarPerm extractEntry source/git.js
238 silly gunzTarPerm extractEntry source/server.js
239 silly gunzTarPerm extractEntry source/version.js
240 silly lockFile bc0facc2-me-mboom-npm-ungit-0-2-0-package tar:///home/mboom/.npm/ungit/0.2.0/package
241 silly lockFile bc0facc2-me-mboom-npm-ungit-0-2-0-package tar:///home/mboom/.npm/ungit/0.2.0/package
242 silly lockFile 54147ca8-boom-npm-ungit-0-2-0-package-tgz tar:///home/mboom/.npm/ungit/0.2.0/package.tgz
243 silly lockFile 54147ca8-boom-npm-ungit-0-2-0-package-tgz tar:///home/mboom/.npm/ungit/0.2.0/package.tgz
244 verbose chmod /home/mboom/.npm/ungit/0.2.0/package.tgz 644
245 verbose chown /home/mboom/.npm/ungit/0.2.0/package.tgz [ 1000, 1000 ]
246 silly lockFile cb506ed3--npmjs-org-ungit-ungit-0-2-0-tgz https://registry.npmjs.org/ungit/-/ungit-0.2.0.tgz
247 silly lockFile cb506ed3--npmjs-org-ungit-ungit-0-2-0-tgz https://registry.npmjs.org/ungit/-/ungit-0.2.0.tgz
248 silly lockFile 40b82804-ungit-0-2-0 ungit@0.2.0
249 silly lockFile 40b82804-ungit-0-2-0 ungit@0.2.0
250 silly lockFile cfb0c8f1-ungit ungit@*
251 silly lockFile cfb0c8f1-ungit ungit@*
252 info outdated updating [ [ '/usr/lib', 'ungit', '0.1.6', '0.2.0', '*' ] ]
253 verbose install where,what [ '/usr/lib', [ 'ungit@0.2.0' ] ]
254 verbose cache add [ 'ungit@0.2.0', null ]
255 verbose cache add name=undefined spec="ungit@0.2.0" args=["ungit@0.2.0",null]
256 verbose parsed url { protocol: null,
256 verbose parsed url   slashes: null,
256 verbose parsed url   auth: null,
256 verbose parsed url   host: null,
256 verbose parsed url   port: null,
256 verbose parsed url   hostname: null,
256 verbose parsed url   hash: null,
256 verbose parsed url   search: null,
256 verbose parsed url   query: null,
256 verbose parsed url   pathname: 'ungit@0.2.0',
256 verbose parsed url   path: 'ungit@0.2.0',
256 verbose parsed url   href: 'ungit@0.2.0' }
257 verbose cache add name="ungit" spec="0.2.0" args=["ungit","0.2.0"]
258 verbose parsed url { protocol: null,
258 verbose parsed url   slashes: null,
258 verbose parsed url   auth: null,
258 verbose parsed url   host: null,
258 verbose parsed url   port: null,
258 verbose parsed url   hostname: null,
258 verbose parsed url   hash: null,
258 verbose parsed url   search: null,
258 verbose parsed url   query: null,
258 verbose parsed url   pathname: '0.2.0',
258 verbose parsed url   path: '0.2.0',
258 verbose parsed url   href: '0.2.0' }
259 verbose addNamed [ 'ungit', '0.2.0' ]
260 verbose addNamed [ '0.2.0', '0.2.0' ]
261 silly lockFile 40b82804-ungit-0-2-0 ungit@0.2.0
262 verbose lock ungit@0.2.0 /home/mboom/.npm/40b82804-ungit-0-2-0.lock
263 verbose url raw ungit/0.2.0
264 verbose url resolving [ 'https://registry.npmjs.org/', './ungit/0.2.0' ]
265 verbose url resolved https://registry.npmjs.org/ungit/0.2.0
266 info trying registry request attempt 1 at 01:07:37
267 http GET https://registry.npmjs.org/ungit/0.2.0
268 http 200 https://registry.npmjs.org/ungit/0.2.0
269 silly registry.get cb [ 200,
269 silly registry.get   { vary: 'Accept',
269 silly registry.get     server: 'CouchDB/1.3.1 (Erlang OTP/R15B03)',
269 silly registry.get     etag: '"70PVJRPRETBZ9PPDMNCMQ2VIO"',
269 silly registry.get     date: 'Sat, 14 Sep 2013 05:07:38 GMT',
269 silly registry.get     'content-type': 'application/json',
269 silly registry.get     'content-length': '4879' } ]
270 silly lockFile cb506ed3--npmjs-org-ungit-ungit-0-2-0-tgz https://registry.npmjs.org/ungit/-/ungit-0.2.0.tgz
271 verbose lock https://registry.npmjs.org/ungit/-/ungit-0.2.0.tgz /home/mboom/.npm/cb506ed3--npmjs-org-ungit-ungit-0-2-0-tgz.lock
272 verbose addRemoteTarball [ 'https://registry.npmjs.org/ungit/-/ungit-0.2.0.tgz',
272 verbose addRemoteTarball   'fa25b1bd4670a527823dd0912d6f2fa2f1dc6a06' ]
273 info retry fetch attempt 1 at 01:07:38
274 verbose fetch to= /home/mboom/tmp/npm-8206-Y0Iy-5t8/1379135258189-0.38856205786578357/tmp.tgz
275 http GET https://registry.npmjs.org/ungit/-/ungit-0.2.0.tgz
276 http 200 https://registry.npmjs.org/ungit/-/ungit-0.2.0.tgz
277 verbose tar unpack /home/mboom/tmp/npm-8206-Y0Iy-5t8/1379135258189-0.38856205786578357/tmp.tgz
278 silly lockFile 2743fed5-8189-0-38856205786578357-package tar:///home/mboom/tmp/npm-8206-Y0Iy-5t8/1379135258189-0.38856205786578357/package
279 verbose lock tar:///home/mboom/tmp/npm-8206-Y0Iy-5t8/1379135258189-0.38856205786578357/package /home/mboom/.npm/2743fed5-8189-0-38856205786578357-package.lock
280 silly lockFile 0a99d33d-8189-0-38856205786578357-tmp-tgz tar:///home/mboom/tmp/npm-8206-Y0Iy-5t8/1379135258189-0.38856205786578357/tmp.tgz
281 verbose lock tar:///home/mboom/tmp/npm-8206-Y0Iy-5t8/1379135258189-0.38856205786578357/tmp.tgz /home/mboom/.npm/0a99d33d-8189-0-38856205786578357-tmp-tgz.lock
282 silly gunzTarPerm modes [ '755', '644' ]
283 silly gunzTarPerm extractEntry package.json
284 silly gunzTarPerm modified mode [ 'package.json', 438, 420 ]
285 silly gunzTarPerm extractEntry .npmignore
286 silly gunzTarPerm modified mode [ '.npmignore', 438, 420 ]
287 silly gunzTarPerm extractEntry README.md
288 silly gunzTarPerm modified mode [ 'README.md', 438, 420 ]
289 silly gunzTarPerm extractEntry .nodemonignore
290 silly gunzTarPerm modified mode [ '.nodemonignore', 438, 420 ]
291 silly gunzTarPerm extractEntry .travis.yml
292 silly gunzTarPerm modified mode [ '.travis.yml', 438, 420 ]
293 silly gunzTarPerm extractEntry assets/client/images/branchIcon.png
294 silly gunzTarPerm modified mode [ 'assets/client/images/branchIcon.png', 438, 420 ]
295 silly gunzTarPerm extractEntry assets/client/images/logBoxHoverArrowRight.png
296 silly gunzTarPerm modified mode [ 'assets/client/images/logBoxHoverArrowRight.png', 438, 420 ]
297 silly gunzTarPerm extractEntry assets/client/images/logo.png
298 silly gunzTarPerm modified mode [ 'assets/client/images/logo.png', 438, 420 ]
299 silly gunzTarPerm extractEntry assets/client/images/logoLarge.png
300 silly gunzTarPerm modified mode [ 'assets/client/images/logoLarge.png', 438, 420 ]
301 silly gunzTarPerm extractEntry assets/client/images/panelArrowRight.png
302 silly gunzTarPerm modified mode [ 'assets/client/images/panelArrowRight.png', 438, 420 ]
303 silly gunzTarPerm extractEntry assets/client/images/remoteIcon.png
304 silly gunzTarPerm modified mode [ 'assets/client/images/remoteIcon.png', 438, 420 ]
305 silly gunzTarPerm extractEntry assets/client/images/repositoryBackgroundArrowUp.png
306 silly gunzTarPerm modified mode [ 'assets/client/images/repositoryBackgroundArrowUp.png',
306 silly gunzTarPerm   438,
306 silly gunzTarPerm   420 ]
307 silly gunzTarPerm extractEntry assets/client/images/shadowArrowRight.png
308 silly gunzTarPerm modified mode [ 'assets/client/images/shadowArrowRight.png', 438, 420 ]
309 silly gunzTarPerm extractEntry assets/client/images/stagingArrowDown.png
310 silly gunzTarPerm modified mode [ 'assets/client/images/stagingArrowDown.png', 438, 420 ]
311 silly gunzTarPerm extractEntry assets/client/images/tagIcon.png
312 silly gunzTarPerm modified mode [ 'assets/client/images/tagIcon.png', 438, 420 ]
313 silly gunzTarPerm extractEntry assets/dev/branchIcon.svg
314 silly gunzTarPerm modified mode [ 'assets/dev/branchIcon.svg', 438, 420 ]
315 silly gunzTarPerm extractEntry assets/dev/icon.svg
316 silly gunzTarPerm modified mode [ 'assets/dev/icon.svg', 438, 420 ]
317 silly gunzTarPerm extractEntry assets/dev/logo.svg
318 silly gunzTarPerm modified mode [ 'assets/dev/logo.svg', 438, 420 ]
319 silly gunzTarPerm extractEntry assets/dev/logo2.svg
320 silly gunzTarPerm modified mode [ 'assets/dev/logo2.svg', 438, 420 ]
321 silly gunzTarPerm extractEntry assets/dev/logo3.svg
322 silly gunzTarPerm modified mode [ 'assets/dev/logo3.svg', 438, 420 ]
323 silly gunzTarPerm extractEntry assets/dev/logo4.svg
324 silly gunzTarPerm modified mode [ 'assets/dev/logo4.svg', 438, 420 ]
325 silly gunzTarPerm extractEntry assets/dev/remoteIcon.svg
326 silly gunzTarPerm modified mode [ 'assets/dev/remoteIcon.svg', 438, 420 ]
327 silly gunzTarPerm extractEntry assets/dev/tagIcon.svg
328 silly gunzTarPerm modified mode [ 'assets/dev/tagIcon.svg', 438, 420 ]
329 silly gunzTarPerm extractEntry assets/dev/throbber.svg
330 silly gunzTarPerm modified mode [ 'assets/dev/throbber.svg', 438, 420 ]
331 silly gunzTarPerm extractEntry bin/credentials-helper
332 silly gunzTarPerm modified mode [ 'bin/credentials-helper', 438, 420 ]
333 silly gunzTarPerm extractEntry bin/ungit
334 silly gunzTarPerm modified mode [ 'bin/ungit', 438, 420 ]
335 silly gunzTarPerm extractEntry public/css/styles.css
336 silly gunzTarPerm modified mode [ 'public/css/styles.css', 438, 420 ]
337 silly gunzTarPerm extractEntry public/favicon.ico
338 silly gunzTarPerm modified mode [ 'public/favicon.ico', 438, 420 ]
339 silly gunzTarPerm extractEntry public/fonts/glyphiconshalflings-regular.eot
340 silly gunzTarPerm modified mode [ 'public/fonts/glyphiconshalflings-regular.eot', 438, 420 ]
341 silly gunzTarPerm extractEntry public/fonts/glyphiconshalflings-regular.otf
342 silly gunzTarPerm modified mode [ 'public/fonts/glyphiconshalflings-regular.otf', 438, 420 ]
343 silly gunzTarPerm extractEntry public/fonts/glyphiconshalflings-regular.svg
344 silly gunzTarPerm modified mode [ 'public/fonts/glyphiconshalflings-regular.svg', 438, 420 ]
345 silly gunzTarPerm extractEntry public/fonts/glyphiconshalflings-regular.ttf
346 silly gunzTarPerm modified mode [ 'public/fonts/glyphiconshalflings-regular.ttf', 438, 420 ]
347 silly gunzTarPerm extractEntry public/fonts/glyphiconshalflings-regular.woff
348 silly gunzTarPerm modified mode [ 'public/fonts/glyphiconshalflings-regular.woff', 438, 420 ]
349 silly gunzTarPerm extractEntry public/fonts/OpenSans.woff
350 silly gunzTarPerm modified mode [ 'public/fonts/OpenSans.woff', 438, 420 ]
351 silly gunzTarPerm extractEntry public/fonts/SourceCodePro-Medium.woff
352 silly gunzTarPerm modified mode [ 'public/fonts/SourceCodePro-Medium.woff', 438, 420 ]
353 silly gunzTarPerm extractEntry public/images/branchIcon.png
354 silly gunzTarPerm modified mode [ 'public/images/branchIcon.png', 438, 420 ]
355 silly gunzTarPerm extractEntry public/images/logBoxHoverArrowRight.png
356 silly gunzTarPerm modified mode [ 'public/images/logBoxHoverArrowRight.png', 438, 420 ]
357 silly gunzTarPerm extractEntry public/images/logo.png
358 silly gunzTarPerm modified mode [ 'public/images/logo.png', 438, 420 ]
359 silly gunzTarPerm extractEntry public/images/logoLarge.png
360 silly gunzTarPerm modified mode [ 'public/images/logoLarge.png', 438, 420 ]
361 silly gunzTarPerm extractEntry public/images/panelArrowRight.png
362 silly gunzTarPerm modified mode [ 'public/images/panelArrowRight.png', 438, 420 ]
363 silly gunzTarPerm extractEntry public/images/remoteIcon.png
364 silly gunzTarPerm modified mode [ 'public/images/remoteIcon.png', 438, 420 ]
365 silly gunzTarPerm extractEntry public/images/repositoryBackgroundArrowUp.png
366 silly gunzTarPerm modified mode [ 'public/images/repositoryBackgroundArrowUp.png', 438, 420 ]
367 silly gunzTarPerm extractEntry public/images/shadowArrowRight.png
368 silly gunzTarPerm modified mode [ 'public/images/shadowArrowRight.png', 438, 420 ]
369 silly gunzTarPerm extractEntry public/images/stagingArrowDown.png
370 silly gunzTarPerm modified mode [ 'public/images/stagingArrowDown.png', 438, 420 ]
371 silly gunzTarPerm extractEntry public/images/tagIcon.png
372 silly gunzTarPerm modified mode [ 'public/images/tagIcon.png', 438, 420 ]
373 silly gunzTarPerm extractEntry public/index.html
374 silly gunzTarPerm modified mode [ 'public/index.html', 438, 420 ]
375 silly gunzTarPerm extractEntry public/js/bugsense.js
376 silly gunzTarPerm modified mode [ 'public/js/bugsense.js', 438, 420 ]
377 silly gunzTarPerm extractEntry public/js/ungit.js
378 silly gunzTarPerm modified mode [ 'public/js/ungit.js', 438, 420 ]
379 silly gunzTarPerm extractEntry screenshot.png
380 silly gunzTarPerm modified mode [ 'screenshot.png', 438, 420 ]
381 silly gunzTarPerm extractEntry source/address-parser.js
382 silly gunzTarPerm modified mode [ 'source/address-parser.js', 438, 420 ]
383 silly gunzTarPerm extractEntry source/bugsense.js
384 silly gunzTarPerm modified mode [ 'source/bugsense.js', 438, 420 ]
385 silly gunzTarPerm extractEntry source/config.js
386 silly gunzTarPerm modified mode [ 'source/config.js', 438, 420 ]
387 silly gunzTarPerm extractEntry source/gerrit.js
388 silly gunzTarPerm modified mode [ 'source/gerrit.js', 438, 420 ]
389 silly gunzTarPerm extractEntry source/git-api.js
390 silly gunzTarPerm modified mode [ 'source/git-api.js', 438, 420 ]
391 silly gunzTarPerm extractEntry source/git-parser.js
392 silly gunzTarPerm modified mode [ 'source/git-parser.js', 438, 420 ]
393 silly gunzTarPerm extractEntry source/git.js
394 silly gunzTarPerm modified mode [ 'source/git.js', 438, 420 ]
395 silly gunzTarPerm extractEntry source/server.js
396 silly gunzTarPerm modified mode [ 'source/server.js', 438, 420 ]
397 silly gunzTarPerm extractEntry source/version.js
398 silly gunzTarPerm modified mode [ 'source/version.js', 438, 420 ]
399 silly lockFile 2743fed5-8189-0-38856205786578357-package tar:///home/mboom/tmp/npm-8206-Y0Iy-5t8/1379135258189-0.38856205786578357/package
400 silly lockFile 2743fed5-8189-0-38856205786578357-package tar:///home/mboom/tmp/npm-8206-Y0Iy-5t8/1379135258189-0.38856205786578357/package
401 silly lockFile 0a99d33d-8189-0-38856205786578357-tmp-tgz tar:///home/mboom/tmp/npm-8206-Y0Iy-5t8/1379135258189-0.38856205786578357/tmp.tgz
402 silly lockFile 0a99d33d-8189-0-38856205786578357-tmp-tgz tar:///home/mboom/tmp/npm-8206-Y0Iy-5t8/1379135258189-0.38856205786578357/tmp.tgz
403 verbose tar pack [ '/home/mboom/.npm/ungit/0.2.0/package.tgz',
403 verbose tar pack   '/home/mboom/tmp/npm-8206-Y0Iy-5t8/1379135258189-0.38856205786578357/package' ]
404 verbose tarball /home/mboom/.npm/ungit/0.2.0/package.tgz
405 verbose folder /home/mboom/tmp/npm-8206-Y0Iy-5t8/1379135258189-0.38856205786578357/package
406 silly lockFile 2743fed5-8189-0-38856205786578357-package tar:///home/mboom/tmp/npm-8206-Y0Iy-5t8/1379135258189-0.38856205786578357/package
407 verbose lock tar:///home/mboom/tmp/npm-8206-Y0Iy-5t8/1379135258189-0.38856205786578357/package /home/mboom/.npm/2743fed5-8189-0-38856205786578357-package.lock
408 silly lockFile 54147ca8-boom-npm-ungit-0-2-0-package-tgz tar:///home/mboom/.npm/ungit/0.2.0/package.tgz
409 verbose lock tar:///home/mboom/.npm/ungit/0.2.0/package.tgz /home/mboom/.npm/54147ca8-boom-npm-ungit-0-2-0-package-tgz.lock
410 silly lockFile 2743fed5-8189-0-38856205786578357-package tar:///home/mboom/tmp/npm-8206-Y0Iy-5t8/1379135258189-0.38856205786578357/package
411 silly lockFile 2743fed5-8189-0-38856205786578357-package tar:///home/mboom/tmp/npm-8206-Y0Iy-5t8/1379135258189-0.38856205786578357/package
412 silly lockFile 54147ca8-boom-npm-ungit-0-2-0-package-tgz tar:///home/mboom/.npm/ungit/0.2.0/package.tgz
413 silly lockFile 54147ca8-boom-npm-ungit-0-2-0-package-tgz tar:///home/mboom/.npm/ungit/0.2.0/package.tgz
414 silly lockFile 341873db-me-mboom-npm-ungit-0-2-0-package /home/mboom/.npm/ungit/0.2.0/package
415 verbose lock /home/mboom/.npm/ungit/0.2.0/package /home/mboom/.npm/341873db-me-mboom-npm-ungit-0-2-0-package.lock
416 silly lockFile 341873db-me-mboom-npm-ungit-0-2-0-package /home/mboom/.npm/ungit/0.2.0/package
417 silly lockFile 341873db-me-mboom-npm-ungit-0-2-0-package /home/mboom/.npm/ungit/0.2.0/package
418 verbose tar unpack /home/mboom/.npm/ungit/0.2.0/package.tgz
419 silly lockFile bc0facc2-me-mboom-npm-ungit-0-2-0-package tar:///home/mboom/.npm/ungit/0.2.0/package
420 verbose lock tar:///home/mboom/.npm/ungit/0.2.0/package /home/mboom/.npm/bc0facc2-me-mboom-npm-ungit-0-2-0-package.lock
421 silly lockFile 54147ca8-boom-npm-ungit-0-2-0-package-tgz tar:///home/mboom/.npm/ungit/0.2.0/package.tgz
422 verbose lock tar:///home/mboom/.npm/ungit/0.2.0/package.tgz /home/mboom/.npm/54147ca8-boom-npm-ungit-0-2-0-package-tgz.lock
423 silly gunzTarPerm modes [ '755', '644' ]
424 silly gunzTarPerm extractEntry package.json
425 silly gunzTarPerm extractEntry .npmignore
426 silly gunzTarPerm extractEntry README.md
427 silly gunzTarPerm extractEntry .nodemonignore
428 silly gunzTarPerm extractEntry .travis.yml
429 silly gunzTarPerm extractEntry assets/client/images/branchIcon.png
430 silly gunzTarPerm extractEntry assets/client/images/logBoxHoverArrowRight.png
431 silly gunzTarPerm extractEntry assets/client/images/logo.png
432 silly gunzTarPerm extractEntry assets/client/images/logoLarge.png
433 silly gunzTarPerm extractEntry assets/client/images/panelArrowRight.png
434 silly gunzTarPerm extractEntry assets/client/images/remoteIcon.png
435 silly gunzTarPerm extractEntry assets/client/images/repositoryBackgroundArrowUp.png
436 silly gunzTarPerm extractEntry assets/client/images/shadowArrowRight.png
437 silly gunzTarPerm extractEntry assets/client/images/stagingArrowDown.png
438 silly gunzTarPerm extractEntry assets/client/images/tagIcon.png
439 silly gunzTarPerm extractEntry assets/dev/branchIcon.svg
440 silly gunzTarPerm extractEntry assets/dev/icon.svg
441 silly gunzTarPerm extractEntry assets/dev/logo.svg
442 silly gunzTarPerm extractEntry assets/dev/logo2.svg
443 silly gunzTarPerm extractEntry assets/dev/logo3.svg
444 silly gunzTarPerm extractEntry assets/dev/logo4.svg
445 silly gunzTarPerm extractEntry assets/dev/remoteIcon.svg
446 silly gunzTarPerm extractEntry assets/dev/tagIcon.svg
447 silly gunzTarPerm extractEntry assets/dev/throbber.svg
448 silly gunzTarPerm extractEntry bin/credentials-helper
449 silly gunzTarPerm extractEntry bin/ungit
450 silly gunzTarPerm extractEntry public/css/styles.css
451 silly gunzTarPerm extractEntry public/favicon.ico
452 silly gunzTarPerm extractEntry public/fonts/OpenSans.woff
453 silly gunzTarPerm extractEntry public/fonts/SourceCodePro-Medium.woff
454 silly gunzTarPerm extractEntry public/fonts/glyphiconshalflings-regular.eot
455 silly gunzTarPerm extractEntry public/fonts/glyphiconshalflings-regular.otf
456 silly gunzTarPerm extractEntry public/fonts/glyphiconshalflings-regular.svg
457 silly gunzTarPerm extractEntry public/fonts/glyphiconshalflings-regular.ttf
458 silly gunzTarPerm extractEntry public/fonts/glyphiconshalflings-regular.woff
459 silly gunzTarPerm extractEntry public/images/branchIcon.png
460 silly gunzTarPerm extractEntry public/images/logBoxHoverArrowRight.png
461 silly gunzTarPerm extractEntry public/images/logo.png
462 silly gunzTarPerm extractEntry public/images/logoLarge.png
463 silly gunzTarPerm extractEntry public/images/panelArrowRight.png
464 silly gunzTarPerm extractEntry public/images/remoteIcon.png
465 silly gunzTarPerm extractEntry public/images/repositoryBackgroundArrowUp.png
466 silly gunzTarPerm extractEntry public/images/shadowArrowRight.png
467 silly gunzTarPerm extractEntry public/images/stagingArrowDown.png
468 silly gunzTarPerm extractEntry public/images/tagIcon.png
469 silly gunzTarPerm extractEntry public/index.html
470 silly gunzTarPerm extractEntry public/js/bugsense.js
471 silly gunzTarPerm extractEntry public/js/ungit.js
472 silly gunzTarPerm extractEntry screenshot.png
473 silly gunzTarPerm extractEntry source/address-parser.js
474 silly gunzTarPerm extractEntry source/bugsense.js
475 silly gunzTarPerm extractEntry source/config.js
476 silly gunzTarPerm extractEntry source/gerrit.js
477 silly gunzTarPerm extractEntry source/git-api.js
478 silly gunzTarPerm extractEntry source/git-parser.js
479 silly gunzTarPerm extractEntry source/git.js
480 silly gunzTarPerm extractEntry source/server.js
481 silly gunzTarPerm extractEntry source/version.js
482 silly lockFile bc0facc2-me-mboom-npm-ungit-0-2-0-package tar:///home/mboom/.npm/ungit/0.2.0/package
483 silly lockFile bc0facc2-me-mboom-npm-ungit-0-2-0-package tar:///home/mboom/.npm/ungit/0.2.0/package
484 silly lockFile 54147ca8-boom-npm-ungit-0-2-0-package-tgz tar:///home/mboom/.npm/ungit/0.2.0/package.tgz
485 silly lockFile 54147ca8-boom-npm-ungit-0-2-0-package-tgz tar:///home/mboom/.npm/ungit/0.2.0/package.tgz
486 verbose chmod /home/mboom/.npm/ungit/0.2.0/package.tgz 644
487 verbose chown /home/mboom/.npm/ungit/0.2.0/package.tgz [ 1000, 1000 ]
488 silly lockFile cb506ed3--npmjs-org-ungit-ungit-0-2-0-tgz https://registry.npmjs.org/ungit/-/ungit-0.2.0.tgz
489 silly lockFile cb506ed3--npmjs-org-ungit-ungit-0-2-0-tgz https://registry.npmjs.org/ungit/-/ungit-0.2.0.tgz
490 silly lockFile 40b82804-ungit-0-2-0 ungit@0.2.0
491 silly lockFile 40b82804-ungit-0-2-0 ungit@0.2.0
492 silly resolved [ { name: 'ungit',
492 silly resolved     author: { name: 'Fredrik Norén', email: 'fredrik.jw.noren@gmail.com' },
492 silly resolved     description: 'Git made easy',
492 silly resolved     version: '0.2.0',
492 silly resolved     scripts: { start: 'node ./bin/ungit', test: 'grunt test' },
492 silly resolved     repository:
492 silly resolved      { type: 'git',
492 silly resolved        url: 'https://github.com/FredrikNoren/ungit.git' },
492 silly resolved     bin: { ungit: './bin/ungit' },
492 silly resolved     main: './source/server',
492 silly resolved     dependencies:
492 silly resolved      { express: '3.2.6',
492 silly resolved        superagent: '0.14.7',
492 silly resolved        underscore: '1.4.4',
492 silly resolved        temp: '0.5.0',
492 silly resolved        'socket.io': '0.9.16',
492 silly resolved        moment: '2.0.0',
492 silly resolved        async: '0.2.9',
492 silly resolved        ssh2: '0.2.8',
492 silly resolved        rc: '0.3.0',
492 silly resolved        uuid: '1.4.1',
492 silly resolved        winston: '0.7.1',
492 silly resolved        passport: '0.1.17',
492 silly resolved        'passport-local': '0.1.6',
492 silly resolved        npm: '1.3.1',
492 silly resolved        semver: '2.0.8',
492 silly resolved        'forever-monitor': '1.1.0',
492 silly resolved        open: '0.0.4',
492 silly resolved        optimist: '0.6.0',
492 silly resolved        crossroads: '~0.12.0',
492 silly resolved        signals: '~1.0.0',
492 silly resolved        hasher: '~1.1.4',
492 silly resolved        'blueimp-md5': '~1.0.3' },
492 silly resolved     devDependencies:
492 silly resolved      { mocha: '1.11.0',
492 silly resolved        'expect.js': '0.2.0',
492 silly resolved        supertest: '0.7.0',
492 silly resolved        grunt: '0.4.1',
492 silly resolved        'grunt-contrib-less': '0.7.0',
492 silly resolved        'grunt-contrib-watch': '0.5.1',
492 silly resolved        'grunt-lineending': '0.2.1',
492 silly resolved        'grunt-release': '0.5.1',
492 silly resolved        'grunt-simple-mocha': '0.4.0',
492 silly resolved        'grunt-plato': '0.2.1',
492 silly resolved        'grunt-contrib-imagemin': '0.2.0',
492 silly resolved        'grunt-image-embed': '0.3.1',
492 silly resolved        'grunt-browserify': '~1.2.4',
492 silly resolved        phantomjs: '~1.9.1-9',
492 silly resolved        'ansi-color': '~0.2.1' },
492 silly resolved     engines: { node: '>=0.10' },
492 silly resolved     license: 'MIT',
492 silly resolved     readme: 'ungit\r\n======\r\n[![NPM version](https://badge.fury.io/js/ungit.png)](http://badge.fury.io/js/ungit)\r\n[![Build Status](https://travis-ci.org/FredrikNoren/ungit.png)](https://travis-ci.org/FredrikNoren/ungit)\r\n\r\nThe easiest way to use git. On any platform. Anywhere.\r\n\r\n * Clean and intuitive UI that makes it easy to _understand_ git.\r\n * Runs on any platform that node.js & git supports.\r\n * Web-based, meaning you can run it on your cloud/pure shell machine and use the ui from your browser (just browse to http://your-cloud-machine.com:8448).\r\n * Works well with GitHub.\r\n * Gerrit integration (view, checkout and push changes from/to gerrit).\r\n\r\nQuick intro to ungit: [http://youtu.be/hkBVAi3oKvo](http://youtu.be/hkBVAi3oKvo)\r\n\r\n[![Screenshot](/screenshot.png)](http://youtu.be/hkBVAi3oKvo)\r\n\r\nInstalling\r\n----------\r\nRequires [node.js](http://nodejs.org) (≥ 0.10), [npm](https://npmjs.org/) (≥ 1.3.1) and [git](http://git-scm.com/) (≥ 1.8.x).\r\n\r\n\tnpm install -g ungit\r\n\r\nUsing\r\n-----\r\nAnywhere you want to start, just type:\r\n\r\n\tungit\r\n\r\nThis will launch the server and open up a browser with the ui.\r\n\r\nConfigure\r\n---------\r\nPut a configuration file called .ungitrc in your home directory (`/home/USERNAME` on *nix, `C:/Users/USERNAME/` on windows). Can be in either json or ini format. See source/config.js for available options.\r\n\r\nYou can also override configuration variables at launch by specifying them as command line arguments; `ungit --port=8080`.\r\n\r\nExample of `~/.ungitrc` configuration file to change default port and enable bugtracking:\r\n\r\n```json\r\n{\r\n\t"port": 8080,\r\n\t"bugtracking": true\r\n}\r\n```\r\n\r\nDeveloping\r\n----------\r\n\r\nIf you decide to install by cloning the repo, make sure to run `npm install` then  `grunt` after cloning (to fetch dependencies, build concatenated files and compile less). If you haven\'t already, you can install grunt by running `npm install -g grunt-cli`.\r\n\r\nOnce you\'ve done that, you can start ungit by running `npm start`. Run the tests with `npm test`.\r\n\r\nLicense (MIT)\r\n-------------\r\n\r\nCopyright (C) 2013 Fredrik Norén\r\n\r\nPermission is hereby granted, free of charge, to any person obtaining a copy of this software and associated documentation files (the "Software"), to deal in the Software without restriction, including without limitation the rights to use, copy, modify, merge, publish, distribute, sublicense, and/or sell copies of the Software, and to permit persons to whom the Software is furnished to do so, subject to the following conditions:\r\n\r\nThe above copyright notice and this permission notice shall be included in all copies or substantial portions of the Software.\r\n\r\nTHE SOFTWARE IS PROVIDED "AS IS", WITHOUT WARRANTY OF ANY KIND, EXPRESS OR IMPLIED, INCLUDING BUT NOT LIMITED TO THE WARRANTIES OF MERCHANTABILITY, FITNESS FOR A PARTICULAR PURPOSE AND NONINFRINGEMENT. IN NO EVENT SHALL THE AUTHORS OR COPYRIGHT HOLDERS BE LIABLE FOR ANY CLAIM, DAMAGES OR OTHER LIABILITY, WHETHER IN AN ACTION OF CONTRACT, TORT OR OTHERWISE, ARISING FROM, OUT OF OR IN CONNECTION WITH THE SOFTWARE OR THE USE OR OTHER DEALINGS IN THE SOFTWARE.\r\n',
492 silly resolved     readmeFilename: 'README.md',
492 silly resolved     bugs: { url: 'https://github.com/FredrikNoren/ungit/issues' },
492 silly resolved     _id: 'ungit@0.2.0',
492 silly resolved     dist: { shasum: '0692c2043f77a43e82a772f4e22b149f5fb3f502' },
492 silly resolved     _from: 'ungit@0.2.0',
492 silly resolved     _resolved: 'https://registry.npmjs.org/ungit/-/ungit-0.2.0.tgz' } ]
493 info install ungit@0.2.0 into /usr/lib
494 info installOne ungit@0.2.0
495 info /usr/lib/node_modules/ungit unbuild
496 info preuninstall ungit@0.1.6
497 info uninstall ungit@0.1.6
498 verbose true,/usr/lib/node_modules,/usr/lib/node_modules unbuild ungit@0.1.6
499 verbose /usr/bin,[object Object] binRoot
500 info /usr/lib/node_modules/ungit unbuild
501 info preuninstall ungit@0.1.6
502 info uninstall ungit@0.1.6
503 verbose true,/usr/lib/node_modules,/usr/lib/node_modules unbuild ungit@0.1.6
504 verbose /usr/bin,[object Object] binRoot
505 error error rolling back Error: EACCES, unlink '/usr/bin/ungit'
505 error error rolling back  ungit@0.2.0 { [Error: EACCES, unlink '/usr/bin/ungit'] errno: 3, code: 'EACCES', path: '/usr/bin/ungit' }
506 error Error: EACCES, unlink '/usr/bin/ungit'
506 error  { [Error: EACCES, unlink '/usr/bin/ungit'] errno: 3, code: 'EACCES', path: '/usr/bin/ungit' }
507 error Please try running this command again as root/Administrator.
508 error System Linux 3.8.0-25-generic
509 error command "/usr/bin/node" "/usr/bin/npm" "update" "-g" "ungit"
510 error cwd /media/truecrypt1/Projects/workspace
511 error node -v v0.10.16
512 error npm -v 1.3.8
513 error path /usr/bin/ungit
514 error code EACCES
515 error errno 3
516 error stack Error: EACCES, unlink '/usr/bin/ungit'
517 verbose exit [ 3, true ]
